<?xml version="1.0" encoding="UTF-8"?>
<coverage generated="1579221833377" clover="3.2.0">
  <project timestamp="1579221833377" name="All files">
    <metrics statements="3" coveredstatements="3" conditionals="2" coveredconditionals="2" methods="2" coveredmethods="2" elements="7" coveredelements="7" complexity="0" loc="3" ncloc="3" packages="1" files="1" classes="1"/>
    <file name="index.jsx" path="/Users/admin/Sites/bcgov/sae-virtual-display/hub/ui/src/components/core/image/index.jsx">
      <metrics statements="3" coveredstatements="3" conditionals="2" coveredconditionals="2" methods="2" coveredmethods="2"/>
      <line num="5" count="4" type="stmt"/>
      <line num="8" count="1" type="stmt"/>
      <line num="13" count="4" type="cond" truecount="2" falsecount="0"/>
    </file>
  </project>
</coverage>
