{"/Users/admin/Sites/bcgov/sae-virtual-display/hub/ui/src/components/core/image/index.jsx": {"path":"/Users/admin/Sites/bcgov/sae-virtual-display/hub/ui/src/components/core/image/index.jsx","statementMap":{"0":{"start":{"line":5,"column":2},"end":{"line":5,"column":38}},"1":{"start":{"line":8,"column":0},"end":{"line":10,"column":2}},"2":{"start":{"line":13,"column":24},"end":{"line":13,"column":45}}},"fnMap":{"0":{"name":"CoreImage","decl":{"start":{"line":4,"column":9},"end":{"line":4,"column":18}},"loc":{"start":{"line":4,"column":45},"end":{"line":6,"column":1}},"line":4},"1":{"name":"(anonymous_1)","decl":{"start":{"line":13,"column":15},"end":{"line":13,"column":16}},"loc":{"start":{"line":13,"column":24},"end":{"line":13,"column":45}},"line":13}},"branchMap":{"0":{"loc":{"start":{"line":13,"column":24},"end":{"line":13,"column":45}},"type":"binary-expr","locations":[{"start":{"line":13,"column":24},"end":{"line":13,"column":35}},{"start":{"line":13,"column":39},"end":{"line":13,"column":45}}],"line":13}},"s":{"0":4,"1":1,"2":4},"f":{"0":4,"1":4},"b":{"0":[4,1]},"_coverageSchema":"43e27e138ebf9cfc5966b082cf9a028302ed4184","hash":"dcfc2cd3ee3a04377ddc01766f9b5c4a5400b3d7"}
}
